f:\about_lesson\imageprocess\cuda_imageprocess\imageprocess\x64\debug\vc143.pdb
f:\about_lesson\imageprocess\cuda_imageprocess\imageprocess\x64\debug\vc143.idb
f:\about_lesson\imageprocess\cuda_imageprocess\imageprocess\x64\debug\qimage_display.obj
f:\about_lesson\imageprocess\cuda_imageprocess\imageprocess\x64\debug\main.obj
f:\about_lesson\imageprocess\cuda_imageprocess\imageprocess\x64\debug\imageutils.obj
f:\about_lesson\imageprocess\cuda_imageprocess\imageprocess\x64\debug\imageprocess.obj
f:\about_lesson\imageprocess\cuda_imageprocess\imageprocess\x64\debug\canny_cuda.cu.obj
f:\about_lesson\imageprocess\cuda_imageprocess\imageprocess\x64\debug\distancetransform.cu.obj
f:\about_lesson\imageprocess\cuda_imageprocess\imageprocess\x64\debug\imgprocess.cu.obj
f:\about_lesson\imageprocess\cuda_imageprocess\imageprocess\ui_qimage_display.h
f:\about_lesson\imageprocess\cuda_imageprocess\imageprocess\x64\debug\canny_cuda.cu.cache
f:\about_lesson\imageprocess\cuda_imageprocess\imageprocess\x64\debug\distancetransform.cu.cache
f:\about_lesson\imageprocess\cuda_imageprocess\imageprocess\x64\debug\imgprocess.cu.cache
f:\about_lesson\imageprocess\cuda_imageprocess\x64\debug\imageprocess.pdb
f:\about_lesson\imageprocess\cuda_imageprocess\imageprocess\x64\debug\imageprocess.tlog\cl.command.1.tlog
f:\about_lesson\imageprocess\cuda_imageprocess\imageprocess\x64\debug\imageprocess.tlog\cl.read.1.tlog
f:\about_lesson\imageprocess\cuda_imageprocess\imageprocess\x64\debug\imageprocess.tlog\cl.write.1.tlog
f:\about_lesson\imageprocess\cuda_imageprocess\imageprocess\x64\debug\imageprocess.tlog\cudacompile.read.1u.tlog
f:\about_lesson\imageprocess\cuda_imageprocess\imageprocess\x64\debug\imageprocess.tlog\cudacompile.write.1u.tlog
f:\about_lesson\imageprocess\cuda_imageprocess\imageprocess\x64\debug\imageprocess.tlog\custombuild.command.1.tlog
f:\about_lesson\imageprocess\cuda_imageprocess\imageprocess\x64\debug\imageprocess.tlog\custombuild.read.1.tlog
f:\about_lesson\imageprocess\cuda_imageprocess\imageprocess\x64\debug\imageprocess.tlog\custombuild.write.1.tlog
f:\about_lesson\imageprocess\cuda_imageprocess\imageprocess\x64\debug\imageprocess.tlog\link-cvtres.read.1.tlog
f:\about_lesson\imageprocess\cuda_imageprocess\imageprocess\x64\debug\imageprocess.tlog\link-cvtres.write.1.tlog
f:\about_lesson\imageprocess\cuda_imageprocess\imageprocess\x64\debug\imageprocess.tlog\link-rc.read.1.tlog
f:\about_lesson\imageprocess\cuda_imageprocess\imageprocess\x64\debug\imageprocess.tlog\link-rc.write.1.tlog
f:\about_lesson\imageprocess\cuda_imageprocess\imageprocess\x64\debug\imageprocess.tlog\link.command.1.tlog
f:\about_lesson\imageprocess\cuda_imageprocess\imageprocess\x64\debug\imageprocess.tlog\link.read.1.tlog
f:\about_lesson\imageprocess\cuda_imageprocess\imageprocess\x64\debug\imageprocess.tlog\link.read.2.tlog
f:\about_lesson\imageprocess\cuda_imageprocess\imageprocess\x64\debug\imageprocess.tlog\link.read.3.tlog
f:\about_lesson\imageprocess\cuda_imageprocess\imageprocess\x64\debug\imageprocess.tlog\link.read.4.tlog
f:\about_lesson\imageprocess\cuda_imageprocess\imageprocess\x64\debug\imageprocess.tlog\link.write.1.tlog
