f:\about_lesson\qimage_process\qimage_process\x64\debug\imageutils.obj
f:\about_lesson\qimage_process\qimage_process\x64\debug\qimage_process.obj
f:\about_lesson\qimage_process\qimage_process\x64\debug\camera_on.obj
f:\about_lesson\qimage_process\qimage_process\x64\debug\imageprocess.obj
f:\about_lesson\qimage_process\qimage_process\x64\debug\main.obj
f:\about_lesson\qimage_process\qimage_process\x64\debug\vc143.pdb
f:\about_lesson\qimage_process\qimage_process\x64\debug\qrc_qimage_process.obj
f:\about_lesson\qimage_process\qimage_process\x64\debug\moc_qimage_process.obj
f:\about_lesson\qimage_process\qimage_process\x64\debug\vc143.idb
f:\about_lesson\qimage_process\qimage_process\x64\debug\canny_cuda.cu.obj
f:\about_lesson\qimage_process\qimage_process\x64\debug\distancetransformm.cu.obj
f:\about_lesson\qimage_process\qimage_process\x64\debug\imgprocess.cu.obj
f:\about_lesson\qimage_process\qimage_process\x64\debug\reduction.cuh.obj
f:\about_lesson\qimage_process\x64\debug\qimage_process.exe
f:\about_lesson\qimage_process\x64\debug\qimage_process.ilk
f:\about_lesson\qimage_process\x64\debug\qimage_process.pdb
f:\about_lesson\qimage_process\develop\cuda_imageprocess\qimage_process\x64\debug\moc\moc_qimage_process.cpp
f:\about_lesson\qimage_process\develop\cuda_imageprocess\qimage_process\x64\debug\moc\moc_ori_image.cpp
f:\about_lesson\qimage_process\qimage_process\x64\debug\uic\ui_qimage_process.h
f:\about_lesson\qimage_process\qimage_process\x64\debug\rcc\qrc_qimage_process.cpp
f:\about_lesson\qimage_process\qimage_process\x64\debug\moc\moc_qimage_process.cpp
f:\about_lesson\qimage_process\develop\cuda_imageprocess\qimage_process\x64\debug\uic\ui_ori_image.h
f:\about_lesson\qimage_process\develop\cuda_imageprocess\qimage_process\x64\debug\uic\ui_qimage_process.h
f:\about_lesson\qimage_process\develop\cuda_imageprocess\qimage_process\x64\debug\rcc\qrc_qimage_process.cpp
f:\about_lesson\qimage_process\develop\cuda_imageprocess\qimage_process\x64\debug\canny_cuda.cu.cache
f:\about_lesson\qimage_process\develop\cuda_imageprocess\qimage_process\x64\debug\distancetransform.cu.cache
f:\about_lesson\qimage_process\develop\cuda_imageprocess\qimage_process\x64\debug\distancetransformm.cu.cache
f:\about_lesson\qimage_process\develop\cuda_imageprocess\qimage_process\x64\debug\imgprocess.cu.cache
f:\about_lesson\qimage_process\develop\cuda_imageprocess\qimage_process\x64\debug\reduction.cuh.cache
f:\about_lesson\qimage_process\develop\cuda_imageprocess\qimage_process\x64\debug\camera_on.obj
f:\about_lesson\qimage_process\develop\cuda_imageprocess\qimage_process\x64\debug\canny_cuda.cu.obj
f:\about_lesson\qimage_process\develop\cuda_imageprocess\qimage_process\x64\debug\distancetransform.cu.obj
f:\about_lesson\qimage_process\develop\cuda_imageprocess\qimage_process\x64\debug\imageprocess.obj
f:\about_lesson\qimage_process\develop\cuda_imageprocess\qimage_process\x64\debug\imageutils.obj
f:\about_lesson\qimage_process\develop\cuda_imageprocess\qimage_process\x64\debug\imgprocess.cu.obj
f:\about_lesson\qimage_process\develop\cuda_imageprocess\qimage_process\x64\debug\main.obj
f:\about_lesson\qimage_process\develop\cuda_imageprocess\qimage_process\x64\debug\moc_qimage_process.obj
f:\about_lesson\qimage_process\develop\cuda_imageprocess\qimage_process\x64\debug\qimage_process.obj
f:\about_lesson\qimage_process\develop\cuda_imageprocess\qimage_process\x64\debug\qrc_qimage_process.obj
f:\about_lesson\qimage_process\develop\cuda_imageprocess\qimage_process\x64\debug\reduction.cuh.obj
f:\about_lesson\qimage_process\develop\cuda_imageprocess\qimage_process\x64\debug\imageprocess.obj.enc
f:\about_lesson\qimage_process\develop\cuda_imageprocess\qimage_process\x64\debug\vc143.idb
f:\about_lesson\qimage_process\develop\cuda_imageprocess\qimage_process\x64\debug\vc143.pdb
f:\about_lesson\qimage_process\develop\cuda_imageprocess\qimage_process\x64\debug\qimage_process.tlog\cl.command.1.tlog
f:\about_lesson\qimage_process\develop\cuda_imageprocess\qimage_process\x64\debug\qimage_process.tlog\cl.items.tlog
f:\about_lesson\qimage_process\develop\cuda_imageprocess\qimage_process\x64\debug\qimage_process.tlog\cl.read.1.tlog
f:\about_lesson\qimage_process\develop\cuda_imageprocess\qimage_process\x64\debug\qimage_process.tlog\cl.write.1.tlog
f:\about_lesson\qimage_process\develop\cuda_imageprocess\qimage_process\x64\debug\qimage_process.tlog\cudacompile.read.1u.tlog
f:\about_lesson\qimage_process\develop\cuda_imageprocess\qimage_process\x64\debug\qimage_process.tlog\cudacompile.write.1u.tlog
f:\about_lesson\qimage_process\develop\cuda_imageprocess\qimage_process\x64\debug\qimage_process.tlog\link.command.1.tlog
f:\about_lesson\qimage_process\develop\cuda_imageprocess\qimage_process\x64\debug\qimage_process.tlog\link.read.1.tlog
f:\about_lesson\qimage_process\develop\cuda_imageprocess\qimage_process\x64\debug\qimage_process.tlog\link.write.1.tlog
f:\about_lesson\qimage_process\develop\cuda_imageprocess\qimage_process\x64\debug\qimage_process.tlog\moc.read.1u.tlog
f:\about_lesson\qimage_process\develop\cuda_imageprocess\qimage_process\x64\debug\qimage_process.tlog\moc.write.1u.tlog
f:\about_lesson\qimage_process\develop\cuda_imageprocess\qimage_process\x64\debug\qimage_process.tlog\qimage_process.write.1u.tlog
f:\about_lesson\qimage_process\develop\cuda_imageprocess\qimage_process\x64\debug\qimage_process.tlog\rcc.read.1u.tlog
f:\about_lesson\qimage_process\develop\cuda_imageprocess\qimage_process\x64\debug\qimage_process.tlog\rcc.write.1u.tlog
f:\about_lesson\qimage_process\develop\cuda_imageprocess\qimage_process\x64\debug\qimage_process.tlog\uic.read.1u.tlog
f:\about_lesson\qimage_process\develop\cuda_imageprocess\qimage_process\x64\debug\qimage_process.tlog\uic.write.1u.tlog
