  Reading Qt configuration (F:/QT/5.15.2/msvc2019_64/bin/qmake)
  Compiling CUDA source file distancetransform.cu...
  Compiling CUDA source file ImgProcess.cu...
  Compiling CUDA source file canny_cuda.cu...
  
  F:\about_lesson\Qimage_process\develop\CUDA_imageProcess\Qimage_process>"C:\Program Files\NVIDIA GPU Computing Toolkit\CUDA\v12.0\bin\nvcc.exe" -gencode=arch=compute_52,code=\"sm_52,compute_52\" --use-local-env -ccbin "F:\VS2022\VC\Tools\MSVC\14.38.33130\bin\HostX64\x64" -x cu   -I"F:\GalaxySDK\Samples\C++ SDK\inc" -I"C:\Program Files\NVIDIA GPU Computing Toolkit\CUDA\v12.0\include" -IC:\Users\tann\AppData\Local\Temp\l01s0hnb.qzh -IF:\QT\5.15.2\msvc2019_64\include -IF:\QT\5.15.2\msvc2019_64\include\QtCharts -IF:\QT\5.15.2\msvc2019_64\include\QtWidgets -IF:\QT\5.15.2\msvc2019_64\include\QtGui -IF:\QT\5.15.2\msvc2019_64\include\QtANGLE -IF:\QT\5.15.2\msvc2019_64\include\QtConcurrent -IF:\QT\5.15.2\msvc2019_64\include\QtCore -IC:\Users\tann\AppData\Local\Temp\l01s0hnb.qzh -I/include -I"F:\QT\5.15.2\msvc2019_64\mkspecs\win32-msvc" -Ix64\Release\moc -Ix64\Release\uic -I"C:\Program Files\NVIDIA GPU Computing Toolkit\CUDA\v12.0\include"     --keep-dir x64\Release  -maxrregcount=0  --machine 64 --compile -cudart static    -D_WINDOWS -DUNICODE -D_UNICODE -DWIN32 -D_ENABLE_EXTENDED_ALIGNED_STORAGE -DWIN64 -DNDEBUG -DQT_NO_DEBUG -DQT_CHARTS_LIB -DQT_WIDGETS_LIB -DQT_GUI_LIB -DQT_CONCURRENT_LIB -DQT_CORE_LIB -Xcompiler "/EHsc /W1 /nologo /O2 /Fdx64\Release\vc143.pdb /FS   /MT " -o F:\about_lesson\Qimage_process\develop\CUDA_imageProcess\Qimage_process\x64\Release\canny_cuda.cu.obj "F:\about_lesson\Qimage_process\develop\CUDA_imageProcess\Qimage_process\canny_cuda.cu" 
  
  F:\about_lesson\Qimage_process\develop\CUDA_imageProcess\Qimage_process>"C:\Program Files\NVIDIA GPU Computing Toolkit\CUDA\v12.0\bin\nvcc.exe" -gencode=arch=compute_52,code=\"sm_52,compute_52\" --use-local-env -ccbin "F:\VS2022\VC\Tools\MSVC\14.38.33130\bin\HostX64\x64" -x cu   -I"F:\GalaxySDK\Samples\C++ SDK\inc" -I"C:\Program Files\NVIDIA GPU Computing Toolkit\CUDA\v12.0\include" -IC:\Users\tann\AppData\Local\Temp\l01s0hnb.qzh -IF:\QT\5.15.2\msvc2019_64\include -IF:\QT\5.15.2\msvc2019_64\include\QtCharts -IF:\QT\5.15.2\msvc2019_64\include\QtWidgets -IF:\QT\5.15.2\msvc2019_64\include\QtGui -IF:\QT\5.15.2\msvc2019_64\include\QtANGLE -IF:\QT\5.15.2\msvc2019_64\include\QtConcurrent -IF:\QT\5.15.2\msvc2019_64\include\QtCore -IC:\Users\tann\AppData\Local\Temp\l01s0hnb.qzh -I/include -I"F:\QT\5.15.2\msvc2019_64\mkspecs\win32-msvc" -Ix64\Release\moc -Ix64\Release\uic -I"C:\Program Files\NVIDIA GPU Computing Toolkit\CUDA\v12.0\include"     --keep-dir x64\Release  -maxrregcount=0  --machine 64 --compile -cudart static    -D_WINDOWS -DUNICODE -D_UNICODE -DWIN32 -D_ENABLE_EXTENDED_ALIGNED_STORAGE -DWIN64 -DNDEBUG -DQT_NO_DEBUG -DQT_CHARTS_LIB -DQT_WIDGETS_LIB -DQT_GUI_LIB -DQT_CONCURRENT_LIB -DQT_CORE_LIB -Xcompiler "/EHsc /W1 /nologo /O2 /Fdx64\Release\vc143.pdb /FS   /MT " -o F:\about_lesson\Qimage_process\develop\CUDA_imageProcess\Qimage_process\x64\Release\ImgProcess.cu.obj "F:\about_lesson\Qimage_process\develop\CUDA_imageProcess\Qimage_process\ImgProcess.cu" 
  
  F:\about_lesson\Qimage_process\develop\CUDA_imageProcess\Qimage_process>"C:\Program Files\NVIDIA GPU Computing Toolkit\CUDA\v12.0\bin\nvcc.exe" -gencode=arch=compute_52,code=\"sm_52,compute_52\" --use-local-env -ccbin "F:\VS2022\VC\Tools\MSVC\14.38.33130\bin\HostX64\x64" -x cu   -I"F:\GalaxySDK\Samples\C++ SDK\inc" -I"C:\Program Files\NVIDIA GPU Computing Toolkit\CUDA\v12.0\include" -IC:\Users\tann\AppData\Local\Temp\l01s0hnb.qzh -IF:\QT\5.15.2\msvc2019_64\include -IF:\QT\5.15.2\msvc2019_64\include\QtCharts -IF:\QT\5.15.2\msvc2019_64\include\QtWidgets -IF:\QT\5.15.2\msvc2019_64\include\QtGui -IF:\QT\5.15.2\msvc2019_64\include\QtANGLE -IF:\QT\5.15.2\msvc2019_64\include\QtConcurrent -IF:\QT\5.15.2\msvc2019_64\include\QtCore -IC:\Users\tann\AppData\Local\Temp\l01s0hnb.qzh -I/include -I"F:\QT\5.15.2\msvc2019_64\mkspecs\win32-msvc" -Ix64\Release\moc -Ix64\Release\uic -I"C:\Program Files\NVIDIA GPU Computing Toolkit\CUDA\v12.0\include"     --keep-dir x64\Release  -maxrregcount=0  --machine 64 --compile -cudart static    -D_WINDOWS -DUNICODE -D_UNICODE -DWIN32 -D_ENABLE_EXTENDED_ALIGNED_STORAGE -DWIN64 -DNDEBUG -DQT_NO_DEBUG -DQT_CHARTS_LIB -DQT_WIDGETS_LIB -DQT_GUI_LIB -DQT_CONCURRENT_LIB -DQT_CORE_LIB -Xcompiler "/EHsc /W1 /nologo /O2 /Fdx64\Release\vc143.pdb /FS   /MT " -o F:\about_lesson\Qimage_process\develop\CUDA_imageProcess\Qimage_process\x64\Release\distancetransform.cu.obj "F:\about_lesson\Qimage_process\develop\CUDA_imageProcess\Qimage_process\distancetransform.cu" 
F:\about_lesson\Qimage_process\develop\CUDA_imageProcess\Qimage_process\distancetransform.cu(37): warning #177-D: variable "cols" was declared but never referenced
  
  Remark: The warnings can be suppressed with "-diag-suppress <warning-number>"
  
F:\about_lesson\Qimage_process\develop\CUDA_imageProcess\Qimage_process\distancetransform.cu(73): warning #177-D: variable "cols" was declared but never referenced
  
F:\about_lesson\Qimage_process\develop\CUDA_imageProcess\Qimage_process\distancetransform.cu(108): warning #177-D: variable "rows" was declared but never referenced
  
F:\about_lesson\Qimage_process\develop\CUDA_imageProcess\Qimage_process\distancetransform.cu(135): warning #177-D: variable "rows" was declared but never referenced
  
F:\about_lesson\Qimage_process\develop\CUDA_imageProcess\Qimage_process\distancetransform.cu(164): warning #177-D: variable "cols" was declared but never referenced
  
  distancetransform.cu
F:\opencv\opencv\build\include\opencv2/stitching/detail/warpers.hpp(235): warning #611-D: overloaded virtual function "cv::detail::PlaneWarper::buildMaps" is only partially overridden in class "cv::detail::AffineWarper"
  
  Remark: The warnings can be suppressed with "-diag-suppress <warning-number>"
  
F:\opencv\opencv\build\include\opencv2/stitching/detail/warpers.hpp(235): warning #611-D: overloaded virtual function "cv::detail::PlaneWarper::warp" is only partially overridden in class "cv::detail::AffineWarper"
  
F:\opencv\opencv\build\include\opencv2/stitching/detail/blenders.hpp(100): warning #611-D: overloaded virtual function "cv::detail::Blender::prepare" is only partially overridden in class "cv::detail::FeatherBlender"
  
F:\opencv\opencv\build\include\opencv2/stitching/detail/blenders.hpp(127): warning #611-D: overloaded virtual function "cv::detail::Blender::prepare" is only partially overridden in class "cv::detail::MultiBandBlender"
  
F:\about_lesson\Qimage_process\develop\CUDA_imageProcess\Qimage_process\canny_cuda.cu(207): warning #69-D: integer conversion resulted in truncation
  
F:\about_lesson\Qimage_process\develop\CUDA_imageProcess\Qimage_process\canny_cuda.cu(210): warning #69-D: integer conversion resulted in truncation
  
F:\about_lesson\Qimage_process\develop\CUDA_imageProcess\Qimage_process\canny_cuda.cu(213): warning #69-D: integer conversion resulted in truncation
  
F:\about_lesson\Qimage_process\develop\CUDA_imageProcess\Qimage_process\canny_cuda.cu(216): warning #69-D: integer conversion resulted in truncation
  
F:\about_lesson\Qimage_process\develop\CUDA_imageProcess\Qimage_process\canny_cuda.cu(219): warning #69-D: integer conversion resulted in truncation
  
F:\about_lesson\Qimage_process\develop\CUDA_imageProcess\Qimage_process\canny_cuda.cu(222): warning #69-D: integer conversion resulted in truncation
  
F:\about_lesson\Qimage_process\develop\CUDA_imageProcess\Qimage_process\canny_cuda.cu(225): warning #69-D: integer conversion resulted in truncation
  
F:\about_lesson\Qimage_process\develop\CUDA_imageProcess\Qimage_process\canny_cuda.cu(228): warning #69-D: integer conversion resulted in truncation
  
F:\about_lesson\Qimage_process\develop\CUDA_imageProcess\Qimage_process\canny_cuda.cu(242): warning #69-D: integer conversion resulted in truncation
  
  tmpxft_000076cc_00000000-7_distancetransform.cudafe1.cpp
  ImgProcess.cu
  tmpxft_00015044_00000000-7_ImgProcess.cudafe1.cpp
F:\opencv\opencv\build\include\opencv2/stitching/detail/warpers.hpp(235): warning #611-D: overloaded virtual function "cv::detail::PlaneWarper::buildMaps" is only partially overridden in class "cv::detail::AffineWarper"
  
  Remark: The warnings can be suppressed with "-diag-suppress <warning-number>"
  
F:\opencv\opencv\build\include\opencv2/stitching/detail/warpers.hpp(235): warning #611-D: overloaded virtual function "cv::detail::PlaneWarper::warp" is only partially overridden in class "cv::detail::AffineWarper"
  
F:\opencv\opencv\build\include\opencv2/stitching/detail/blenders.hpp(100): warning #611-D: overloaded virtual function "cv::detail::Blender::prepare" is only partially overridden in class "cv::detail::FeatherBlender"
  
F:\opencv\opencv\build\include\opencv2/stitching/detail/blenders.hpp(127): warning #611-D: overloaded virtual function "cv::detail::Blender::prepare" is only partially overridden in class "cv::detail::MultiBandBlender"
  
F:\about_lesson\Qimage_process\develop\CUDA_imageProcess\Qimage_process\canny_cuda.cu(207): warning #69-D: integer conversion resulted in truncation
  
F:\about_lesson\Qimage_process\develop\CUDA_imageProcess\Qimage_process\canny_cuda.cu(210): warning #69-D: integer conversion resulted in truncation
  
F:\about_lesson\Qimage_process\develop\CUDA_imageProcess\Qimage_process\canny_cuda.cu(213): warning #69-D: integer conversion resulted in truncation
  
F:\about_lesson\Qimage_process\develop\CUDA_imageProcess\Qimage_process\canny_cuda.cu(216): warning #69-D: integer conversion resulted in truncation
  
F:\about_lesson\Qimage_process\develop\CUDA_imageProcess\Qimage_process\canny_cuda.cu(219): warning #69-D: integer conversion resulted in truncation
  
F:\about_lesson\Qimage_process\develop\CUDA_imageProcess\Qimage_process\canny_cuda.cu(222): warning #69-D: integer conversion resulted in truncation
  
F:\about_lesson\Qimage_process\develop\CUDA_imageProcess\Qimage_process\canny_cuda.cu(225): warning #69-D: integer conversion resulted in truncation
  
F:\about_lesson\Qimage_process\develop\CUDA_imageProcess\Qimage_process\canny_cuda.cu(228): warning #69-D: integer conversion resulted in truncation
  
F:\about_lesson\Qimage_process\develop\CUDA_imageProcess\Qimage_process\canny_cuda.cu(242): warning #69-D: integer conversion resulted in truncation
  
  canny_cuda.cu
  tmpxft_000148c4_00000000-7_canny_cuda.cudafe1.cpp
  uic ori_image.ui
  uic Qimage_process.ui
  rcc Qimage_process.qrc
  moc Qimage_process.h
  moc ori_image.h
  camera_on.cpp
  imageProcess.cpp
  ImageUtils.cpp
  ori_image.cpp
  Qimage_process.cpp
  main.cpp
F:\about_lesson\Qimage_process\develop\CUDA_imageProcess\Qimage_process\main.cpp(400): warning C4700: 使用了未初始化的局部变量“times5”
F:\about_lesson\Qimage_process\develop\CUDA_imageProcess\Qimage_process\main.cpp(400): warning C4700: 使用了未初始化的局部变量“times4”
F:\about_lesson\Qimage_process\develop\CUDA_imageProcess\Qimage_process\main.cpp(400): warning C4700: 使用了未初始化的局部变量“times3”
F:\about_lesson\Qimage_process\develop\CUDA_imageProcess\Qimage_process\main.cpp(400): warning C4700: 使用了未初始化的局部变量“times2”
F:\about_lesson\Qimage_process\develop\CUDA_imageProcess\Qimage_process\main.cpp(400): warning C4700: 使用了未初始化的局部变量“times1”
  qrc_Qimage_process.cpp
  moc_Qimage_process.cpp
  moc_ori_image.cpp
  Qimage_process.vcxproj -> F:\about_lesson\Qimage_process\develop\CUDA_imageProcess\x64\Release\Qimage_process.exe
